{
  "/Users/davidhepting/arcanum/src/components/Topbar.jsx": {
    "path": "/Users/davidhepting/arcanum/src/components/Topbar.jsx",
    "statementMap": {
      "0": { "start": { "line": 4, "column": 25 }, "end": { "line": 4, "column": null } },
      "1": { "start": { "line": 4, "column": 45 }, "end": { "line": 4, "column": 65 } },
      "2": { "start": { "line": 5, "column": 28 }, "end": { "line": 5, "column": null } },
      "3": { "start": { "line": 5, "column": 48 }, "end": { "line": 5, "column": 71 } },
      "4": { "start": { "line": 6, "column": 20 }, "end": { "line": 6, "column": null } },
      "5": { "start": { "line": 6, "column": 40 }, "end": { "line": 6, "column": 55 } },
      "6": { "start": { "line": 7, "column": 30 }, "end": { "line": 7, "column": null } },
      "7": { "start": { "line": 7, "column": 50 }, "end": { "line": 7, "column": 75 } },
      "8": { "start": { "line": 9, "column": 8 }, "end": { "line": 12, "column": null } },
      "9": { "start": { "line": 11, "column": 4 }, "end": { "line": 11, "column": null } },
      "10": { "start": { "line": 14, "column": 8 }, "end": { "line": 17, "column": null } },
      "11": { "start": { "line": 15, "column": 4 }, "end": { "line": 15, "column": null } },
      "12": { "start": { "line": 16, "column": 4 }, "end": { "line": 16, "column": null } },
      "13": { "start": { "line": 19, "column": 2 }, "end": { "line": 48, "column": null } }
    },
    "fnMap": {
      "0": {
        "name": "Topbar",
        "decl": { "start": { "line": 3, "column": 24 }, "end": { "line": 3, "column": 33 } },
        "loc": { "start": { "line": 3, "column": 33 }, "end": { "line": 50, "column": null } },
        "line": 3
      },
      "1": {
        "name": "(anonymous_1)",
        "decl": { "start": { "line": 4, "column": 25 }, "end": { "line": 4, "column": 35 } },
        "loc": { "start": { "line": 4, "column": 45 }, "end": { "line": 4, "column": 65 } },
        "line": 4
      },
      "2": {
        "name": "(anonymous_2)",
        "decl": { "start": { "line": 5, "column": 28 }, "end": { "line": 5, "column": 38 } },
        "loc": { "start": { "line": 5, "column": 48 }, "end": { "line": 5, "column": 71 } },
        "line": 5
      },
      "3": {
        "name": "(anonymous_3)",
        "decl": { "start": { "line": 6, "column": 20 }, "end": { "line": 6, "column": 30 } },
        "loc": { "start": { "line": 6, "column": 40 }, "end": { "line": 6, "column": 55 } },
        "line": 6
      },
      "4": {
        "name": "(anonymous_4)",
        "decl": { "start": { "line": 7, "column": 30 }, "end": { "line": 7, "column": 40 } },
        "loc": { "start": { "line": 7, "column": 50 }, "end": { "line": 7, "column": 75 } },
        "line": 7
      },
      "5": {
        "name": "(anonymous_5)",
        "decl": { "start": { "line": 9, "column": 8 }, "end": { "line": 9, "column": 37 } },
        "loc": { "start": { "line": 9, "column": 37 }, "end": { "line": 12, "column": null } },
        "line": 9
      },
      "6": {
        "name": "(anonymous_6)",
        "decl": { "start": { "line": 14, "column": 8 }, "end": { "line": 14, "column": 32 } },
        "loc": { "start": { "line": 14, "column": 32 }, "end": { "line": 17, "column": null } },
        "line": 14
      }
    },
    "branchMap": {
      "0": {
        "loc": { "start": { "line": 26, "column": 7 }, "end": { "line": 46, "column": null } },
        "type": "binary-expr",
        "locations": [
          { "start": { "line": 26, "column": 7 }, "end": { "line": 26, "column": null } },
          { "start": { "line": 27, "column": 8 }, "end": { "line": 46, "column": null } }
        ],
        "line": 26
      },
      "1": {
        "loc": { "start": { "line": 43, "column": 13 }, "end": { "line": 43, "column": null } },
        "type": "binary-expr",
        "locations": [
          { "start": { "line": 43, "column": 13 }, "end": { "line": 43, "column": 37 } },
          { "start": { "line": 43, "column": 37 }, "end": { "line": 43, "column": null } }
        ],
        "line": 43
      }
    },
    "s": {
      "0": 6,
      "1": 6,
      "2": 6,
      "3": 6,
      "4": 6,
      "5": 6,
      "6": 6,
      "7": 6,
      "8": 6,
      "9": 1,
      "10": 6,
      "11": 1,
      "12": 1,
      "13": 6
    },
    "f": { "0": 6, "1": 6, "2": 6, "3": 6, "4": 6, "5": 1, "6": 1 },
    "b": { "0": [6, 4], "1": [4, 2] },
    "meta": {
      "lastBranch": 2,
      "lastFunction": 7,
      "lastStatement": 14,
      "seen": {
        "f:3:24:3:33": 0,
        "s:4:25:4:Infinity": 0,
        "f:4:25:4:35": 1,
        "s:4:45:4:65": 1,
        "s:5:28:5:Infinity": 2,
        "f:5:28:5:38": 2,
        "s:5:48:5:71": 3,
        "s:6:20:6:Infinity": 4,
        "f:6:20:6:30": 3,
        "s:6:40:6:55": 5,
        "s:7:30:7:Infinity": 6,
        "f:7:30:7:40": 4,
        "s:7:50:7:75": 7,
        "s:9:8:12:Infinity": 8,
        "f:9:8:9:37": 5,
        "s:11:4:11:Infinity": 9,
        "s:14:8:17:Infinity": 10,
        "f:14:8:14:32": 6,
        "s:15:4:15:Infinity": 11,
        "s:16:4:16:Infinity": 12,
        "s:19:2:48:Infinity": 13,
        "b:26:7:26:Infinity:27:8:46:Infinity": 0,
        "b:43:13:43:37:43:37:43:Infinity": 1
      },
      "fnNames": {}
    }
  },
  "/Users/davidhepting/arcanum/src/lib/annotations.js": {
    "path": "/Users/davidhepting/arcanum/src/lib/annotations.js",
    "statementMap": {
      "0": { "start": { "line": 9, "column": 26 }, "end": { "line": 13, "column": null } },
      "1": { "start": { "line": 15, "column": 2 }, "end": { "line": 17, "column": null } },
      "2": { "start": { "line": 16, "column": 4 }, "end": { "line": 16, "column": null } },
      "3": { "start": { "line": 19, "column": 2 }, "end": { "line": 19, "column": null } },
      "4": { "start": { "line": 27, "column": 20 }, "end": { "line": 27, "column": null } },
      "5": { "start": { "line": 29, "column": 2 }, "end": { "line": 31, "column": null } },
      "6": { "start": { "line": 30, "column": 4 }, "end": { "line": 30, "column": null } },
      "7": { "start": { "line": 40, "column": 26 }, "end": { "line": 45, "column": null } },
      "8": { "start": { "line": 47, "column": 2 }, "end": { "line": 49, "column": null } },
      "9": { "start": { "line": 48, "column": 4 }, "end": { "line": 48, "column": null } },
      "10": { "start": { "line": 51, "column": 2 }, "end": { "line": 51, "column": null } }
    },
    "fnMap": {
      "0": {
        "name": "loadAnnotations",
        "decl": { "start": { "line": 8, "column": 22 }, "end": { "line": 8, "column": 38 } },
        "loc": { "start": { "line": 8, "column": 48 }, "end": { "line": 20, "column": null } },
        "line": 8
      },
      "1": {
        "name": "deleteAnnotation",
        "decl": { "start": { "line": 26, "column": 22 }, "end": { "line": 26, "column": 39 } },
        "loc": { "start": { "line": 26, "column": 53 }, "end": { "line": 32, "column": null } },
        "line": 26
      },
      "2": {
        "name": "updateAnnotationText",
        "decl": { "start": { "line": 39, "column": 22 }, "end": { "line": 39, "column": 43 } },
        "loc": { "start": { "line": 39, "column": 63 }, "end": { "line": 52, "column": null } },
        "line": 39
      }
    },
    "branchMap": {
      "0": {
        "loc": { "start": { "line": 15, "column": 2 }, "end": { "line": 17, "column": null } },
        "type": "if",
        "locations": [
          { "start": { "line": 15, "column": 2 }, "end": { "line": 17, "column": null } },
          { "start": {}, "end": {} }
        ],
        "line": 15
      },
      "1": {
        "loc": { "start": { "line": 19, "column": 9 }, "end": { "line": 19, "column": null } },
        "type": "binary-expr",
        "locations": [
          { "start": { "line": 19, "column": 9 }, "end": { "line": 19, "column": 17 } },
          { "start": { "line": 19, "column": 17 }, "end": { "line": 19, "column": null } }
        ],
        "line": 19
      },
      "2": {
        "loc": { "start": { "line": 29, "column": 2 }, "end": { "line": 31, "column": null } },
        "type": "if",
        "locations": [
          { "start": { "line": 29, "column": 2 }, "end": { "line": 31, "column": null } },
          { "start": {}, "end": {} }
        ],
        "line": 29
      },
      "3": {
        "loc": { "start": { "line": 47, "column": 2 }, "end": { "line": 49, "column": null } },
        "type": "if",
        "locations": [
          { "start": { "line": 47, "column": 2 }, "end": { "line": 49, "column": null } },
          { "start": {}, "end": {} }
        ],
        "line": 47
      }
    },
    "s": {
      "0": 3,
      "1": 3,
      "2": 1,
      "3": 2,
      "4": 0,
      "5": 0,
      "6": 0,
      "7": 0,
      "8": 0,
      "9": 0,
      "10": 0
    },
    "f": { "0": 3, "1": 0, "2": 0 },
    "b": { "0": [1, 2], "1": [2, 1], "2": [0, 0], "3": [0, 0] },
    "meta": {
      "lastBranch": 4,
      "lastFunction": 3,
      "lastStatement": 11,
      "seen": {
        "f:8:22:8:38": 0,
        "s:9:26:13:Infinity": 0,
        "b:15:2:17:Infinity:undefined:undefined:undefined:undefined": 0,
        "s:15:2:17:Infinity": 1,
        "s:16:4:16:Infinity": 2,
        "s:19:2:19:Infinity": 3,
        "b:19:9:19:17:19:17:19:Infinity": 1,
        "f:26:22:26:39": 1,
        "s:27:20:27:Infinity": 4,
        "b:29:2:31:Infinity:undefined:undefined:undefined:undefined": 2,
        "s:29:2:31:Infinity": 5,
        "s:30:4:30:Infinity": 6,
        "f:39:22:39:43": 2,
        "s:40:26:45:Infinity": 7,
        "b:47:2:49:Infinity:undefined:undefined:undefined:undefined": 3,
        "s:47:2:49:Infinity": 8,
        "s:48:4:48:Infinity": 9,
        "s:51:2:51:Infinity": 10
      },
      "fnNames": {}
    }
  },
  "/Users/davidhepting/arcanum/src/store/useStore.js": {
    "path": "/Users/davidhepting/arcanum/src/store/useStore.js",
    "statementMap": {
      "0": { "start": { "line": 3, "column": 17 }, "end": { "line": 117, "column": null } },
      "1": { "start": { "line": 3, "column": 39 }, "end": { "line": 117, "column": 2 } },
      "2": { "start": { "line": 6, "column": 34 }, "end": { "line": 6, "column": null } },
      "3": { "start": { "line": 12, "column": 4 }, "end": { "line": 15, "column": null } },
      "4": { "start": { "line": 12, "column": 20 }, "end": { "line": 15, "column": 6 } },
      "5": { "start": { "line": 17, "column": 4 }, "end": { "line": 20, "column": null } },
      "6": { "start": { "line": 17, "column": 20 }, "end": { "line": 20, "column": 6 } },
      "7": { "start": { "line": 18, "column": 43 }, "end": { "line": 18, "column": 54 } },
      "8": { "start": { "line": 21, "column": 27 }, "end": { "line": 21, "column": null } },
      "9": { "start": { "line": 26, "column": 28 }, "end": { "line": 26, "column": null } },
      "10": { "start": { "line": 27, "column": 23 }, "end": { "line": 27, "column": null } },
      "11": { "start": { "line": 31, "column": 27 }, "end": { "line": 31, "column": null } },
      "12": { "start": { "line": 35, "column": 35 }, "end": { "line": 35, "column": null } },
      "13": { "start": { "line": 37, "column": 4 }, "end": { "line": 39, "column": null } },
      "14": { "start": { "line": 37, "column": 20 }, "end": { "line": 39, "column": 6 } },
      "15": { "start": { "line": 43, "column": 24 }, "end": { "line": 43, "column": null } },
      "16": { "start": { "line": 47, "column": 25 }, "end": { "line": 47, "column": null } },
      "17": { "start": { "line": 49, "column": 4 }, "end": { "line": 51, "column": null } },
      "18": { "start": { "line": 49, "column": 20 }, "end": { "line": 51, "column": 6 } },
      "19": { "start": { "line": 55, "column": 33 }, "end": { "line": 55, "column": null } },
      "20": { "start": { "line": 61, "column": 4 }, "end": { "line": 64, "column": null } },
      "21": { "start": { "line": 66, "column": 4 }, "end": { "line": 69, "column": null } },
      "22": { "start": { "line": 75, "column": 4 }, "end": { "line": 79, "column": null } },
      "23": { "start": { "line": 81, "column": 4 }, "end": { "line": 84, "column": null } },
      "24": { "start": { "line": 88, "column": 31 }, "end": { "line": 88, "column": null } },
      "25": { "start": { "line": 90, "column": 4 }, "end": { "line": 92, "column": null } },
      "26": { "start": { "line": 90, "column": 20 }, "end": { "line": 92, "column": 6 } },
      "27": { "start": { "line": 94, "column": 4 }, "end": { "line": 96, "column": null } },
      "28": { "start": { "line": 94, "column": 20 }, "end": { "line": 96, "column": 6 } },
      "29": { "start": { "line": 95, "column": 45 }, "end": { "line": 95, "column": 92 } },
      "30": { "start": { "line": 98, "column": 4 }, "end": { "line": 100, "column": null } },
      "31": { "start": { "line": 98, "column": 20 }, "end": { "line": 100, "column": 6 } },
      "32": { "start": { "line": 99, "column": 47 }, "end": { "line": 99, "column": 66 } },
      "33": { "start": { "line": 102, "column": 37 }, "end": { "line": 102, "column": null } },
      "34": { "start": { "line": 106, "column": 32 }, "end": { "line": 106, "column": null } },
      "35": { "start": { "line": 108, "column": 4 }, "end": { "line": 110, "column": null } },
      "36": { "start": { "line": 108, "column": 20 }, "end": { "line": 110, "column": 6 } },
      "37": { "start": { "line": 114, "column": 25 }, "end": { "line": 114, "column": null } },
      "38": { "start": { "line": 115, "column": 26 }, "end": { "line": 115, "column": null } }
    },
    "fnMap": {
      "0": {
        "name": "(anonymous_0)",
        "decl": { "start": { "line": 3, "column": 17 }, "end": { "line": 3, "column": 25 } },
        "loc": { "start": { "line": 3, "column": 39 }, "end": { "line": 117, "column": 2 } },
        "line": 3
      },
      "1": {
        "name": "(anonymous_1)",
        "decl": { "start": { "line": 6, "column": 2 }, "end": { "line": 6, "column": 22 } },
        "loc": { "start": { "line": 6, "column": 34 }, "end": { "line": 6, "column": null } },
        "line": 6
      },
      "2": {
        "name": "(anonymous_2)",
        "decl": { "start": { "line": 11, "column": 2 }, "end": { "line": 11, "column": 14 } },
        "loc": { "start": { "line": 12, "column": 4 }, "end": { "line": 15, "column": null } },
        "line": 12
      },
      "3": {
        "name": "(anonymous_3)",
        "decl": { "start": { "line": 12, "column": 4 }, "end": { "line": 12, "column": 9 } },
        "loc": { "start": { "line": 12, "column": 20 }, "end": { "line": 15, "column": 6 } },
        "line": 12
      },
      "4": {
        "name": "(anonymous_4)",
        "decl": { "start": { "line": 16, "column": 2 }, "end": { "line": 16, "column": 17 } },
        "loc": { "start": { "line": 17, "column": 4 }, "end": { "line": 20, "column": null } },
        "line": 17
      },
      "5": {
        "name": "(anonymous_5)",
        "decl": { "start": { "line": 17, "column": 4 }, "end": { "line": 17, "column": 9 } },
        "loc": { "start": { "line": 17, "column": 20 }, "end": { "line": 20, "column": 6 } },
        "line": 17
      },
      "6": {
        "name": "(anonymous_6)",
        "decl": { "start": { "line": 18, "column": 29 }, "end": { "line": 18, "column": 37 } },
        "loc": { "start": { "line": 18, "column": 43 }, "end": { "line": 18, "column": 54 } },
        "line": 18
      },
      "7": {
        "name": "(anonymous_7)",
        "decl": { "start": { "line": 21, "column": 2 }, "end": { "line": 21, "column": 20 } },
        "loc": { "start": { "line": 21, "column": 27 }, "end": { "line": 21, "column": null } },
        "line": 21
      },
      "8": {
        "name": "(anonymous_8)",
        "decl": { "start": { "line": 26, "column": 2 }, "end": { "line": 26, "column": 19 } },
        "loc": { "start": { "line": 26, "column": 28 }, "end": { "line": 26, "column": null } },
        "line": 26
      },
      "9": {
        "name": "(anonymous_9)",
        "decl": { "start": { "line": 27, "column": 2 }, "end": { "line": 27, "column": 13 } },
        "loc": { "start": { "line": 27, "column": 23 }, "end": { "line": 27, "column": null } },
        "line": 27
      },
      "10": {
        "name": "(anonymous_10)",
        "decl": { "start": { "line": 31, "column": 2 }, "end": { "line": 31, "column": 18 } },
        "loc": { "start": { "line": 31, "column": 27 }, "end": { "line": 31, "column": null } },
        "line": 31
      },
      "11": {
        "name": "(anonymous_11)",
        "decl": { "start": { "line": 35, "column": 2 }, "end": { "line": 35, "column": 19 } },
        "loc": { "start": { "line": 35, "column": 35 }, "end": { "line": 35, "column": null } },
        "line": 35
      },
      "12": {
        "name": "(anonymous_12)",
        "decl": { "start": { "line": 36, "column": 2 }, "end": { "line": 36, "column": 18 } },
        "loc": { "start": { "line": 37, "column": 4 }, "end": { "line": 39, "column": null } },
        "line": 37
      },
      "13": {
        "name": "(anonymous_13)",
        "decl": { "start": { "line": 37, "column": 4 }, "end": { "line": 37, "column": 9 } },
        "loc": { "start": { "line": 37, "column": 20 }, "end": { "line": 39, "column": 6 } },
        "line": 37
      },
      "14": {
        "name": "(anonymous_14)",
        "decl": { "start": { "line": 43, "column": 2 }, "end": { "line": 43, "column": 15 } },
        "loc": { "start": { "line": 43, "column": 24 }, "end": { "line": 43, "column": null } },
        "line": 43
      },
      "15": {
        "name": "(anonymous_15)",
        "decl": { "start": { "line": 47, "column": 2 }, "end": { "line": 47, "column": 14 } },
        "loc": { "start": { "line": 47, "column": 25 }, "end": { "line": 47, "column": null } },
        "line": 47
      },
      "16": {
        "name": "(anonymous_16)",
        "decl": { "start": { "line": 48, "column": 2 }, "end": { "line": 48, "column": 13 } },
        "loc": { "start": { "line": 49, "column": 4 }, "end": { "line": 51, "column": null } },
        "line": 49
      },
      "17": {
        "name": "(anonymous_17)",
        "decl": { "start": { "line": 49, "column": 4 }, "end": { "line": 49, "column": 9 } },
        "loc": { "start": { "line": 49, "column": 20 }, "end": { "line": 51, "column": 6 } },
        "line": 49
      },
      "18": {
        "name": "(anonymous_18)",
        "decl": { "start": { "line": 55, "column": 2 }, "end": { "line": 55, "column": 26 } },
        "loc": { "start": { "line": 55, "column": 33 }, "end": { "line": 55, "column": null } },
        "line": 55
      },
      "19": {
        "name": "(anonymous_19)",
        "decl": { "start": { "line": 60, "column": 2 }, "end": { "line": 60, "column": 24 } },
        "loc": { "start": { "line": 61, "column": 4 }, "end": { "line": 64, "column": null } },
        "line": 61
      },
      "20": {
        "name": "(anonymous_20)",
        "decl": { "start": { "line": 65, "column": 2 }, "end": { "line": 65, "column": null } },
        "loc": { "start": { "line": 66, "column": 4 }, "end": { "line": 69, "column": null } },
        "line": 66
      },
      "21": {
        "name": "(anonymous_21)",
        "decl": { "start": { "line": 74, "column": 2 }, "end": { "line": 74, "column": 22 } },
        "loc": { "start": { "line": 75, "column": 4 }, "end": { "line": 79, "column": null } },
        "line": 75
      },
      "22": {
        "name": "(anonymous_22)",
        "decl": { "start": { "line": 80, "column": 2 }, "end": { "line": 80, "column": null } },
        "loc": { "start": { "line": 81, "column": 4 }, "end": { "line": 84, "column": null } },
        "line": 81
      },
      "23": {
        "name": "(anonymous_23)",
        "decl": { "start": { "line": 88, "column": 2 }, "end": { "line": 88, "column": 17 } },
        "loc": { "start": { "line": 88, "column": 31 }, "end": { "line": 88, "column": null } },
        "line": 88
      },
      "24": {
        "name": "(anonymous_24)",
        "decl": { "start": { "line": 89, "column": 2 }, "end": { "line": 89, "column": 16 } },
        "loc": { "start": { "line": 90, "column": 4 }, "end": { "line": 92, "column": null } },
        "line": 90
      },
      "25": {
        "name": "(anonymous_25)",
        "decl": { "start": { "line": 90, "column": 4 }, "end": { "line": 90, "column": 9 } },
        "loc": { "start": { "line": 90, "column": 20 }, "end": { "line": 92, "column": 6 } },
        "line": 90
      },
      "26": {
        "name": "(anonymous_26)",
        "decl": { "start": { "line": 93, "column": 2 }, "end": { "line": 93, "column": 26 } },
        "loc": { "start": { "line": 94, "column": 4 }, "end": { "line": 96, "column": null } },
        "line": 94
      },
      "27": {
        "name": "(anonymous_27)",
        "decl": { "start": { "line": 94, "column": 4 }, "end": { "line": 94, "column": 9 } },
        "loc": { "start": { "line": 94, "column": 20 }, "end": { "line": 96, "column": 6 } },
        "line": 94
      },
      "28": {
        "name": "(anonymous_28)",
        "decl": { "start": { "line": 95, "column": 33 }, "end": { "line": 95, "column": 38 } },
        "loc": { "start": { "line": 95, "column": 45 }, "end": { "line": 95, "column": 92 } },
        "line": 95
      },
      "29": {
        "name": "(anonymous_29)",
        "decl": { "start": { "line": 97, "column": 2 }, "end": { "line": 97, "column": 19 } },
        "loc": { "start": { "line": 98, "column": 4 }, "end": { "line": 100, "column": null } },
        "line": 98
      },
      "30": {
        "name": "(anonymous_30)",
        "decl": { "start": { "line": 98, "column": 4 }, "end": { "line": 98, "column": 9 } },
        "loc": { "start": { "line": 98, "column": 20 }, "end": { "line": 100, "column": 6 } },
        "line": 98
      },
      "31": {
        "name": "(anonymous_31)",
        "decl": { "start": { "line": 99, "column": 33 }, "end": { "line": 99, "column": 41 } },
        "loc": { "start": { "line": 99, "column": 47 }, "end": { "line": 99, "column": 66 } },
        "line": 99
      },
      "32": {
        "name": "(anonymous_32)",
        "decl": { "start": { "line": 102, "column": 2 }, "end": { "line": 102, "column": 24 } },
        "loc": { "start": { "line": 102, "column": 37 }, "end": { "line": 102, "column": null } },
        "line": 102
      },
      "33": {
        "name": "(anonymous_33)",
        "decl": { "start": { "line": 106, "column": 2 }, "end": { "line": 106, "column": 19 } },
        "loc": { "start": { "line": 106, "column": 32 }, "end": { "line": 106, "column": null } },
        "line": 106
      },
      "34": {
        "name": "(anonymous_34)",
        "decl": { "start": { "line": 107, "column": 2 }, "end": { "line": 107, "column": 18 } },
        "loc": { "start": { "line": 108, "column": 4 }, "end": { "line": 110, "column": null } },
        "line": 108
      },
      "35": {
        "name": "(anonymous_35)",
        "decl": { "start": { "line": 108, "column": 4 }, "end": { "line": 108, "column": 9 } },
        "loc": { "start": { "line": 108, "column": 20 }, "end": { "line": 110, "column": 6 } },
        "line": 108
      },
      "36": {
        "name": "(anonymous_36)",
        "decl": { "start": { "line": 114, "column": 2 }, "end": { "line": 114, "column": 25 } },
        "loc": { "start": { "line": 114, "column": 25 }, "end": { "line": 114, "column": null } },
        "line": 114
      },
      "37": {
        "name": "(anonymous_37)",
        "decl": { "start": { "line": 115, "column": 2 }, "end": { "line": 115, "column": 26 } },
        "loc": { "start": { "line": 115, "column": 26 }, "end": { "line": 115, "column": null } },
        "line": 115
      }
    },
    "branchMap": {
      "0": {
        "loc": { "start": { "line": 19, "column": 22 }, "end": { "line": 19, "column": null } },
        "type": "cond-expr",
        "locations": [
          { "start": { "line": 19, "column": 52 }, "end": { "line": 19, "column": 59 } },
          { "start": { "line": 19, "column": 59 }, "end": { "line": 19, "column": null } }
        ],
        "line": 19
      },
      "1": {
        "loc": { "start": { "line": 95, "column": 45 }, "end": { "line": 95, "column": 92 } },
        "type": "cond-expr",
        "locations": [
          { "start": { "line": 95, "column": 67 }, "end": { "line": 95, "column": 90 } },
          { "start": { "line": 95, "column": 90 }, "end": { "line": 95, "column": 92 } }
        ],
        "line": 95
      }
    },
    "s": {
      "0": 1,
      "1": 1,
      "2": 0,
      "3": 0,
      "4": 0,
      "5": 0,
      "6": 0,
      "7": 0,
      "8": 0,
      "9": 0,
      "10": 0,
      "11": 0,
      "12": 0,
      "13": 0,
      "14": 0,
      "15": 0,
      "16": 0,
      "17": 0,
      "18": 0,
      "19": 0,
      "20": 0,
      "21": 0,
      "22": 0,
      "23": 0,
      "24": 0,
      "25": 0,
      "26": 0,
      "27": 0,
      "28": 0,
      "29": 0,
      "30": 0,
      "31": 0,
      "32": 0,
      "33": 0,
      "34": 0,
      "35": 0,
      "36": 0,
      "37": 0,
      "38": 0
    },
    "f": {
      "0": 1,
      "1": 0,
      "2": 0,
      "3": 0,
      "4": 0,
      "5": 0,
      "6": 0,
      "7": 0,
      "8": 0,
      "9": 0,
      "10": 0,
      "11": 0,
      "12": 0,
      "13": 0,
      "14": 0,
      "15": 0,
      "16": 0,
      "17": 0,
      "18": 0,
      "19": 0,
      "20": 0,
      "21": 0,
      "22": 0,
      "23": 0,
      "24": 0,
      "25": 0,
      "26": 0,
      "27": 0,
      "28": 0,
      "29": 0,
      "30": 0,
      "31": 0,
      "32": 0,
      "33": 0,
      "34": 0,
      "35": 0,
      "36": 0,
      "37": 0
    },
    "b": { "0": [0, 0], "1": [0, 0] },
    "meta": {
      "lastBranch": 2,
      "lastFunction": 38,
      "lastStatement": 39,
      "seen": {
        "s:3:17:117:Infinity": 0,
        "f:3:17:3:25": 0,
        "s:3:39:117:2": 1,
        "f:6:2:6:22": 1,
        "s:6:34:6:Infinity": 2,
        "f:11:2:11:14": 2,
        "s:12:4:15:Infinity": 3,
        "f:12:4:12:9": 3,
        "s:12:20:15:6": 4,
        "f:16:2:16:17": 4,
        "s:17:4:20:Infinity": 5,
        "f:17:4:17:9": 5,
        "s:17:20:20:6": 6,
        "f:18:29:18:37": 6,
        "s:18:43:18:54": 7,
        "b:19:52:19:59:19:59:19:Infinity": 0,
        "f:21:2:21:20": 7,
        "s:21:27:21:Infinity": 8,
        "f:26:2:26:19": 8,
        "s:26:28:26:Infinity": 9,
        "f:27:2:27:13": 9,
        "s:27:23:27:Infinity": 10,
        "f:31:2:31:18": 10,
        "s:31:27:31:Infinity": 11,
        "f:35:2:35:19": 11,
        "s:35:35:35:Infinity": 12,
        "f:36:2:36:18": 12,
        "s:37:4:39:Infinity": 13,
        "f:37:4:37:9": 13,
        "s:37:20:39:6": 14,
        "f:43:2:43:15": 14,
        "s:43:24:43:Infinity": 15,
        "f:47:2:47:14": 15,
        "s:47:25:47:Infinity": 16,
        "f:48:2:48:13": 16,
        "s:49:4:51:Infinity": 17,
        "f:49:4:49:9": 17,
        "s:49:20:51:6": 18,
        "f:55:2:55:26": 18,
        "s:55:33:55:Infinity": 19,
        "f:60:2:60:24": 19,
        "s:61:4:64:Infinity": 20,
        "f:65:2:65:Infinity": 20,
        "s:66:4:69:Infinity": 21,
        "f:74:2:74:22": 21,
        "s:75:4:79:Infinity": 22,
        "f:80:2:80:Infinity": 22,
        "s:81:4:84:Infinity": 23,
        "f:88:2:88:17": 23,
        "s:88:31:88:Infinity": 24,
        "f:89:2:89:16": 24,
        "s:90:4:92:Infinity": 25,
        "f:90:4:90:9": 25,
        "s:90:20:92:6": 26,
        "f:93:2:93:26": 26,
        "s:94:4:96:Infinity": 27,
        "f:94:4:94:9": 27,
        "s:94:20:96:6": 28,
        "f:95:33:95:38": 28,
        "s:95:45:95:92": 29,
        "b:95:67:95:90:95:90:95:92": 1,
        "f:97:2:97:19": 29,
        "s:98:4:100:Infinity": 30,
        "f:98:4:98:9": 30,
        "s:98:20:100:6": 31,
        "f:99:33:99:41": 31,
        "s:99:47:99:66": 32,
        "f:102:2:102:24": 32,
        "s:102:37:102:Infinity": 33,
        "f:106:2:106:19": 33,
        "s:106:32:106:Infinity": 34,
        "f:107:2:107:18": 34,
        "s:108:4:110:Infinity": 35,
        "f:108:4:108:9": 35,
        "s:108:20:110:6": 36,
        "f:114:2:114:25": 36,
        "s:114:25:114:Infinity": 37,
        "f:115:2:115:26": 37,
        "s:115:26:115:Infinity": 38
      },
      "fnNames": {}
    }
  },
  "/Users/davidhepting/arcanum/src/test/test-utils.jsx": {
    "path": "/Users/davidhepting/arcanum/src/test/test-utils.jsx",
    "statementMap": {
      "0": { "start": { "line": 21, "column": 4 }, "end": { "line": 21, "column": null } },
      "1": { "start": { "line": 24, "column": 2 }, "end": { "line": 24, "column": null } },
      "2": { "start": { "line": 31, "column": 2 }, "end": { "line": 52, "column": null } },
      "3": { "start": { "line": 32, "column": 23 }, "end": { "line": 39, "column": 6 } },
      "4": { "start": { "line": 46, "column": 25 }, "end": { "line": 50, "column": 8 } },
      "5": { "start": { "line": 60, "column": 23 }, "end": { "line": 107, "column": null } },
      "6": { "start": { "line": 109, "column": 2 }, "end": { "line": 109, "column": null } },
      "7": { "start": { "line": 115, "column": 13 }, "end": { "line": 132, "column": null } },
      "8": { "start": { "line": 116, "column": 2 }, "end": { "line": 131, "column": null } },
      "9": { "start": { "line": 117, "column": 21 }, "end": { "line": 125, "column": null } },
      "10": { "start": { "line": 118, "column": 6 }, "end": { "line": 124, "column": null } },
      "11": { "start": { "line": 119, "column": 8 }, "end": { "line": 119, "column": null } },
      "12": { "start": { "line": 120, "column": 8 }, "end": { "line": 120, "column": null } },
      "13": { "start": { "line": 121, "column": 8 }, "end": { "line": 121, "column": null } },
      "14": { "start": { "line": 127, "column": 4 }, "end": { "line": 130, "column": null } },
      "15": { "start": { "line": 128, "column": 6 }, "end": { "line": 128, "column": null } },
      "16": { "start": { "line": 129, "column": 6 }, "end": { "line": 129, "column": null } }
    },
    "fnMap": {
      "0": {
        "name": "renderWithProviders",
        "decl": { "start": { "line": 8, "column": 16 }, "end": { "line": 8, "column": 36 } },
        "loc": { "start": { "line": 8, "column": 86 }, "end": { "line": 25, "column": null } },
        "line": 8
      },
      "1": {
        "name": "Wrapper",
        "decl": { "start": { "line": 12, "column": 11 }, "end": { "line": 12, "column": 19 } },
        "loc": { "start": { "line": 12, "column": 33 }, "end": { "line": 22, "column": null } },
        "line": 12
      },
      "2": {
        "name": "createMockSupabaseClient",
        "decl": { "start": { "line": 30, "column": 16 }, "end": { "line": 30, "column": 43 } },
        "loc": { "start": { "line": 30, "column": 43 }, "end": { "line": 53, "column": null } },
        "line": 30
      },
      "3": {
        "name": "(anonymous_3)",
        "decl": { "start": { "line": 32, "column": 13 }, "end": { "line": 32, "column": 23 } },
        "loc": { "start": { "line": 32, "column": 23 }, "end": { "line": 39, "column": 6 } },
        "line": 32
      },
      "4": {
        "name": "(anonymous_4)",
        "decl": { "start": { "line": 46, "column": 15 }, "end": { "line": 46, "column": 25 } },
        "loc": { "start": { "line": 46, "column": 25 }, "end": { "line": 50, "column": 8 } },
        "line": 46
      },
      "5": {
        "name": "createMockStore",
        "decl": { "start": { "line": 59, "column": 16 }, "end": { "line": 59, "column": 32 } },
        "loc": { "start": { "line": 59, "column": 51 }, "end": { "line": 110, "column": null } },
        "line": 59
      },
      "6": {
        "name": "(anonymous_6)",
        "decl": { "start": { "line": 115, "column": 13 }, "end": { "line": 115, "column": 24 } },
        "loc": { "start": { "line": 115, "column": 46 }, "end": { "line": 132, "column": null } },
        "line": 115
      },
      "7": {
        "name": "(anonymous_7)",
        "decl": { "start": { "line": 116, "column": 13 }, "end": { "line": 116, "column": 22 } },
        "loc": { "start": { "line": 116, "column": 34 }, "end": { "line": 131, "column": 3 } },
        "line": 116
      },
      "8": {
        "name": "(anonymous_8)",
        "decl": { "start": { "line": 117, "column": 21 }, "end": { "line": 117, "column": 39 } },
        "loc": { "start": { "line": 117, "column": 39 }, "end": { "line": 125, "column": 7 } },
        "line": 117
      },
      "9": {
        "name": "(anonymous_9)",
        "decl": { "start": { "line": 127, "column": 4 }, "end": { "line": 127, "column": 21 } },
        "loc": { "start": { "line": 127, "column": 21 }, "end": { "line": 130, "column": 7 } },
        "line": 127
      }
    },
    "branchMap": {
      "0": {
        "loc": { "start": { "line": 8, "column": 40 }, "end": { "line": 8, "column": 86 } },
        "type": "default-arg",
        "locations": [{ "start": { "line": 8, "column": 82 }, "end": { "line": 8, "column": 86 } }],
        "line": 8
      },
      "1": {
        "loc": { "start": { "line": 8, "column": 42 }, "end": { "line": 8, "column": 61 } },
        "type": "default-arg",
        "locations": [{ "start": { "line": 8, "column": 57 }, "end": { "line": 8, "column": 61 } }],
        "line": 8
      },
      "2": {
        "loc": { "start": { "line": 59, "column": 32 }, "end": { "line": 59, "column": 51 } },
        "type": "default-arg",
        "locations": [
          { "start": { "line": 59, "column": 47 }, "end": { "line": 59, "column": 51 } }
        ],
        "line": 59
      },
      "3": {
        "loc": { "start": { "line": 125, "column": 7 }, "end": { "line": 125, "column": 30 } },
        "type": "binary-expr",
        "locations": [
          { "start": { "line": 125, "column": 7 }, "end": { "line": 125, "column": 28 } },
          { "start": { "line": 125, "column": 28 }, "end": { "line": 125, "column": 30 } }
        ],
        "line": 125
      },
      "4": {
        "loc": { "start": { "line": 130, "column": 7 }, "end": { "line": 130, "column": 31 } },
        "type": "binary-expr",
        "locations": [
          { "start": { "line": 130, "column": 7 }, "end": { "line": 130, "column": 27 } },
          { "start": { "line": 130, "column": 27 }, "end": { "line": 130, "column": 31 } }
        ],
        "line": 130
      }
    },
    "s": {
      "0": 0,
      "1": 0,
      "2": 0,
      "3": 0,
      "4": 0,
      "5": 0,
      "6": 0,
      "7": 1,
      "8": 0,
      "9": 0,
      "10": 0,
      "11": 0,
      "12": 0,
      "13": 0,
      "14": 0,
      "15": 0,
      "16": 0
    },
    "f": { "0": 0, "1": 0, "2": 0, "3": 0, "4": 0, "5": 0, "6": 0, "7": 0, "8": 0, "9": 0 },
    "b": { "0": [0], "1": [0], "2": [0], "3": [0, 0], "4": [0, 0] },
    "meta": {
      "lastBranch": 5,
      "lastFunction": 10,
      "lastStatement": 17,
      "seen": {
        "f:8:16:8:36": 0,
        "b:8:82:8:86": 0,
        "b:8:57:8:61": 1,
        "f:12:11:12:19": 1,
        "s:21:4:21:Infinity": 0,
        "s:24:2:24:Infinity": 1,
        "f:30:16:30:43": 2,
        "s:31:2:52:Infinity": 2,
        "f:32:13:32:23": 3,
        "s:32:23:39:6": 3,
        "f:46:15:46:25": 4,
        "s:46:25:50:8": 4,
        "f:59:16:59:32": 5,
        "b:59:47:59:51": 2,
        "s:60:23:107:Infinity": 5,
        "s:109:2:109:Infinity": 6,
        "s:115:13:132:Infinity": 7,
        "f:115:13:115:24": 6,
        "s:116:2:131:Infinity": 8,
        "f:116:13:116:22": 7,
        "s:117:21:125:Infinity": 9,
        "f:117:21:117:39": 8,
        "s:118:6:124:Infinity": 10,
        "s:119:8:119:Infinity": 11,
        "s:120:8:120:Infinity": 12,
        "s:121:8:121:Infinity": 13,
        "b:125:7:125:28:125:28:125:30": 3,
        "s:127:4:130:Infinity": 14,
        "f:127:4:127:21": 9,
        "s:128:6:128:Infinity": 15,
        "s:129:6:129:Infinity": 16,
        "b:130:7:130:27:130:27:130:31": 4
      },
      "fnNames": {}
    }
  }
}
