TN:
SF:src/components/Topbar.jsx
FN:3,Topbar
FN:4,(anonymous_1)
FN:5,(anonymous_2)
FN:6,(anonymous_3)
FN:7,(anonymous_4)
FN:9,(anonymous_5)
FN:14,(anonymous_6)
FNF:7
FNH:7
FNDA:6,Topbar
FNDA:6,(anonymous_1)
FNDA:6,(anonymous_2)
FNDA:6,(anonymous_3)
FNDA:6,(anonymous_4)
FNDA:1,(anonymous_5)
FNDA:1,(anonymous_6)
DA:4,6
DA:5,6
DA:6,6
DA:7,6
DA:9,6
DA:11,1
DA:14,6
DA:15,1
DA:16,1
DA:19,6
LF:10
LH:10
BRDA:26,0,0,6
BRDA:26,0,1,4
BRDA:43,1,0,4
BRDA:43,1,1,2
BRF:4
BRH:4
end_of_record
TN:
SF:src/lib/annotations.js
FN:8,loadAnnotations
FN:26,deleteAnnotation
FN:39,updateAnnotationText
FNF:3
FNH:1
FNDA:3,loadAnnotations
FNDA:0,deleteAnnotation
FNDA:0,updateAnnotationText
DA:9,3
DA:15,3
DA:16,1
DA:19,2
DA:27,0
DA:29,0
DA:30,0
DA:40,0
DA:47,0
DA:48,0
DA:51,0
LF:11
LH:4
BRDA:15,0,0,1
BRDA:15,0,1,2
BRDA:19,1,0,2
BRDA:19,1,1,1
BRDA:29,2,0,0
BRDA:29,2,1,0
BRDA:47,3,0,0
BRDA:47,3,1,0
BRF:8
BRH:4
end_of_record
TN:
SF:src/store/useStore.js
FN:3,(anonymous_0)
FN:6,(anonymous_1)
FN:11,(anonymous_2)
FN:12,(anonymous_3)
FN:16,(anonymous_4)
FN:17,(anonymous_5)
FN:18,(anonymous_6)
FN:21,(anonymous_7)
FN:26,(anonymous_8)
FN:27,(anonymous_9)
FN:31,(anonymous_10)
FN:35,(anonymous_11)
FN:36,(anonymous_12)
FN:37,(anonymous_13)
FN:43,(anonymous_14)
FN:47,(anonymous_15)
FN:48,(anonymous_16)
FN:49,(anonymous_17)
FN:55,(anonymous_18)
FN:60,(anonymous_19)
FN:65,(anonymous_20)
FN:74,(anonymous_21)
FN:80,(anonymous_22)
FN:88,(anonymous_23)
FN:89,(anonymous_24)
FN:90,(anonymous_25)
FN:93,(anonymous_26)
FN:94,(anonymous_27)
FN:95,(anonymous_28)
FN:97,(anonymous_29)
FN:98,(anonymous_30)
FN:99,(anonymous_31)
FN:102,(anonymous_32)
FN:106,(anonymous_33)
FN:107,(anonymous_34)
FN:108,(anonymous_35)
FN:114,(anonymous_36)
FN:115,(anonymous_37)
FNF:38
FNH:1
FNDA:1,(anonymous_0)
FNDA:0,(anonymous_1)
FNDA:0,(anonymous_2)
FNDA:0,(anonymous_3)
FNDA:0,(anonymous_4)
FNDA:0,(anonymous_5)
FNDA:0,(anonymous_6)
FNDA:0,(anonymous_7)
FNDA:0,(anonymous_8)
FNDA:0,(anonymous_9)
FNDA:0,(anonymous_10)
FNDA:0,(anonymous_11)
FNDA:0,(anonymous_12)
FNDA:0,(anonymous_13)
FNDA:0,(anonymous_14)
FNDA:0,(anonymous_15)
FNDA:0,(anonymous_16)
FNDA:0,(anonymous_17)
FNDA:0,(anonymous_18)
FNDA:0,(anonymous_19)
FNDA:0,(anonymous_20)
FNDA:0,(anonymous_21)
FNDA:0,(anonymous_22)
FNDA:0,(anonymous_23)
FNDA:0,(anonymous_24)
FNDA:0,(anonymous_25)
FNDA:0,(anonymous_26)
FNDA:0,(anonymous_27)
FNDA:0,(anonymous_28)
FNDA:0,(anonymous_29)
FNDA:0,(anonymous_30)
FNDA:0,(anonymous_31)
FNDA:0,(anonymous_32)
FNDA:0,(anonymous_33)
FNDA:0,(anonymous_34)
FNDA:0,(anonymous_35)
FNDA:0,(anonymous_36)
FNDA:0,(anonymous_37)
DA:3,1
DA:6,0
DA:12,0
DA:17,0
DA:18,0
DA:21,0
DA:26,0
DA:27,0
DA:31,0
DA:35,0
DA:37,0
DA:43,0
DA:47,0
DA:49,0
DA:55,0
DA:61,0
DA:66,0
DA:75,0
DA:81,0
DA:88,0
DA:90,0
DA:94,0
DA:95,0
DA:98,0
DA:99,0
DA:102,0
DA:106,0
DA:108,0
DA:114,0
DA:115,0
LF:30
LH:1
BRDA:19,0,0,0
BRDA:19,0,1,0
BRDA:95,1,0,0
BRDA:95,1,1,0
BRF:4
BRH:0
end_of_record
TN:
SF:src/test/test-utils.jsx
FN:8,renderWithProviders
FN:12,Wrapper
FN:30,createMockSupabaseClient
FN:32,(anonymous_3)
FN:46,(anonymous_4)
FN:59,createMockStore
FN:115,(anonymous_6)
FN:116,(anonymous_7)
FN:117,(anonymous_8)
FN:127,(anonymous_9)
FNF:10
FNH:0
FNDA:0,renderWithProviders
FNDA:0,Wrapper
FNDA:0,createMockSupabaseClient
FNDA:0,(anonymous_3)
FNDA:0,(anonymous_4)
FNDA:0,createMockStore
FNDA:0,(anonymous_6)
FNDA:0,(anonymous_7)
FNDA:0,(anonymous_8)
FNDA:0,(anonymous_9)
DA:21,0
DA:24,0
DA:31,0
DA:32,0
DA:46,0
DA:60,0
DA:109,0
DA:115,1
DA:116,0
DA:117,0
DA:118,0
DA:119,0
DA:120,0
DA:121,0
DA:127,0
DA:128,0
DA:129,0
LF:17
LH:1
BRDA:8,0,0,0
BRDA:8,1,0,0
BRDA:59,2,0,0
BRDA:125,3,0,0
BRDA:125,3,1,0
BRDA:130,4,0,0
BRDA:130,4,1,0
BRF:7
BRH:0
end_of_record
